OMP: Info #155: KMP_AFFINITY: Initial OS proc set respected: 0-9,20-29
OMP: Info #216: KMP_AFFINITY: decoding x2APIC ids.
OMP: Info #157: KMP_AFFINITY: 20 available OS procs
OMP: Info #158: KMP_AFFINITY: Uniform topology
OMP: Info #287: KMP_AFFINITY: topology layer "LL cache" is equivalent to "socket".
OMP: Info #287: KMP_AFFINITY: topology layer "L3 cache" is equivalent to "socket".
OMP: Info #287: KMP_AFFINITY: topology layer "L2 cache" is equivalent to "core".
OMP: Info #287: KMP_AFFINITY: topology layer "L1 cache" is equivalent to "core".
OMP: Info #192: KMP_AFFINITY: 1 socket x 10 cores/socket x 2 threads/core (10 total cores)
OMP: Info #218: KMP_AFFINITY: OS proc to physical thread map:
OMP: Info #172: KMP_AFFINITY: OS proc 0 maps to socket 0 core 0 thread 0 
OMP: Info #172: KMP_AFFINITY: OS proc 20 maps to socket 0 core 0 thread 1 
OMP: Info #172: KMP_AFFINITY: OS proc 1 maps to socket 0 core 1 thread 0 
OMP: Info #172: KMP_AFFINITY: OS proc 21 maps to socket 0 core 1 thread 1 
OMP: Info #172: KMP_AFFINITY: OS proc 2 maps to socket 0 core 2 thread 0 
OMP: Info #172: KMP_AFFINITY: OS proc 22 maps to socket 0 core 2 thread 1 
OMP: Info #172: KMP_AFFINITY: OS proc 3 maps to socket 0 core 3 thread 0 
OMP: Info #172: KMP_AFFINITY: OS proc 23 maps to socket 0 core 3 thread 1 
OMP: Info #172: KMP_AFFINITY: OS proc 4 maps to socket 0 core 4 thread 0 
OMP: Info #172: KMP_AFFINITY: OS proc 24 maps to socket 0 core 4 thread 1 
OMP: Info #172: KMP_AFFINITY: OS proc 5 maps to socket 0 core 8 thread 0 
OMP: Info #172: KMP_AFFINITY: OS proc 25 maps to socket 0 core 8 thread 1 
OMP: Info #172: KMP_AFFINITY: OS proc 6 maps to socket 0 core 9 thread 0 
OMP: Info #172: KMP_AFFINITY: OS proc 26 maps to socket 0 core 9 thread 1 
OMP: Info #172: KMP_AFFINITY: OS proc 7 maps to socket 0 core 10 thread 0 
OMP: Info #172: KMP_AFFINITY: OS proc 27 maps to socket 0 core 10 thread 1 
OMP: Info #172: KMP_AFFINITY: OS proc 8 maps to socket 0 core 11 thread 0 
OMP: Info #172: KMP_AFFINITY: OS proc 28 maps to socket 0 core 11 thread 1 
OMP: Info #172: KMP_AFFINITY: OS proc 9 maps to socket 0 core 12 thread 0 
OMP: Info #172: KMP_AFFINITY: OS proc 29 maps to socket 0 core 12 thread 1 
OMP: Info #254: KMP_AFFINITY: pid 344758 tid 344758 thread 0 bound to OS proc set 0
ALSA lib pulse.c:243:(pulse_connect) PulseAudio: Unable to connect: Connection refused

ALSA lib pulse.c:243:(pulse_connect) PulseAudio: Unable to connect: Connection refused

WARNING:tensorflow:From main.py:14: The name tf.enable_eager_execution is deprecated. Please use tf.compat.v1.enable_eager_execution instead.

AL lib: (WW) alc_initconfig: Failed to initialize backend "pulse"
2025-02-27 19:33:39.937512: I tensorflow/core/platform/cpu_feature_guard.cc:145] This TensorFlow binary is optimized with Intel(R) MKL-DNN to use the following CPU instructions in performance critical operations:  SSE4.1 SSE4.2 AVX AVX2 FMA
To enable them in non-MKL-DNN operations, rebuild TensorFlow with the appropriate compiler flags.
2025-02-27 19:33:40.015521: I tensorflow/core/platform/profile_utils/cpu_utils.cc:94] CPU Frequency: 2599970000 Hz
2025-02-27 19:33:40.015899: I tensorflow/compiler/xla/service/service.cc:168] XLA service 0x4da5b00 initialized for platform Host (this does not guarantee that XLA will be used). Devices:
2025-02-27 19:33:40.015930: I tensorflow/compiler/xla/service/service.cc:176]   StreamExecutor device (0): Host, Default Version
2025-02-27 19:33:40.020812: I tensorflow/core/common_runtime/process_util.cc:115] Creating new thread pool with default inter op setting: 2. Tune using inter_op_parallelism_threads for best performance.
WARNING:tensorflow:From main.py:57: The name tf.train.get_or_create_global_step is deprecated. Please use tf.compat.v1.train.get_or_create_global_step instead.

  0%|          | 0/3000 [00:00<?, ?it/s]WARNING:tensorflow:From main.py:190: The name tf.image.resize_images is deprecated. Please use tf.image.resize instead.

slurmstepd: error: *** JOB 1078922 ON emu-22 CANCELLED AT 2025-02-27T19:33:42 ***
