WARNING:tensorflow:
The TensorFlow contrib module will not be included in TensorFlow 2.0.
For more information, please see:
  * https://github.com/tensorflow/community/blob/master/rfcs/20180907-contrib-sunset.md
  * https://github.com/tensorflow/addons
  * https://github.com/tensorflow/io (for I/O related ops)
If you depend on functionality not listed there, please file an issue.

WARNING:tensorflow:From deadly_corridor.py:96: The name tf.ConfigProto is deprecated. Please use tf.compat.v1.ConfigProto instead.

WARNING:tensorflow:From deadly_corridor.py:39: The name tf.reset_default_graph is deprecated. Please use tf.compat.v1.reset_default_graph instead.

WARNING:tensorflow:From /dcs/22/u2256152/VIZDOOM/3rd-year-project/examples/A3C_other/network.py:20: The name tf.train.Optimizer is deprecated. Please use tf.compat.v1.train.Optimizer instead.

WARNING:tensorflow:From /dcs/22/u2256152/VIZDOOM/3rd-year-project/examples/A3C_other/network.py:25: The name tf.variable_scope is deprecated. Please use tf.compat.v1.variable_scope instead.

WARNING:tensorflow:From /dcs/22/u2256152/VIZDOOM/3rd-year-project/examples/A3C_other/network.py:26: The name tf.placeholder is deprecated. Please use tf.compat.v1.placeholder instead.

WARNING:tensorflow:From /dcs/22/u2256152/.conda/envs/py37/lib/python3.7/site-packages/tensorflow_core/contrib/layers/python/layers/layers.py:1057: Layer.apply (from tensorflow.python.keras.engine.base_layer) is deprecated and will be removed in a future version.
Instructions for updating:
Please use `layer.__call__` method instead.
WARNING:tensorflow:From /dcs/22/u2256152/.conda/envs/py37/lib/python3.7/site-packages/tensorflow_core/contrib/layers/python/layers/layers.py:1634: flatten (from tensorflow.python.layers.core) is deprecated and will be removed in a future version.
Instructions for updating:
Use keras.layers.flatten instead.
WARNING:tensorflow:From /dcs/22/u2256152/VIZDOOM/3rd-year-project/examples/A3C_other/network.py:55: The name tf.log is deprecated. Please use tf.math.log instead.

WARNING:tensorflow:From /dcs/22/u2256152/VIZDOOM/3rd-year-project/examples/A3C_other/network.py:61: The name tf.get_collection is deprecated. Please use tf.compat.v1.get_collection instead.

WARNING:tensorflow:From /dcs/22/u2256152/VIZDOOM/3rd-year-project/examples/A3C_other/network.py:61: The name tf.GraphKeys is deprecated. Please use tf.compat.v1.GraphKeys instead.

WARNING:tensorflow:From /dcs/22/u2256152/VIZDOOM/3rd-year-project/examples/A3C_other/network.py:63: The name tf.global_norm is deprecated. Please use tf.linalg.global_norm instead.

WARNING:tensorflow:From /dcs/22/u2256152/.conda/envs/py37/lib/python3.7/site-packages/tensorflow_core/python/ops/clip_ops.py:301: where (from tensorflow.python.ops.array_ops) is deprecated and will be removed in a future version.
Instructions for updating:
Use tf.where in 2.0, which has the same broadcast rule as np.where
Traceback (most recent call last):
  File "deadly_corridor.py", line 99, in <module>
    main_train(tf_configs=config)
  File "deadly_corridor.py", line 52, in main_train
    agents.append(agent.Agent(DoomGame(), i, s_size, a_size, optimizer, model_path, global_episodes))
  File "/dcs/22/u2256152/VIZDOOM/3rd-year-project/examples/A3C_other/agent.py", line 105, in __init__
    game.init()
vizdoom.vizdoom.FileDoesNotExistException: File "../../maps/s.wad" does not exist.
