testing GTK3Agg
     GTK3Agg Not found
testing GTK3Cairo
     GTK3Cairo Not found
testing GTK4Agg
     GTK4Agg Not found
testing GTK4Cairo
     GTK4Cairo Not found
testing MacOSX
     MacOSX Not found
testing nbAgg
     nbAgg Not found
testing QtAgg
     QtAgg Not found
testing QtCairo
     QtCairo Not found
testing Qt5Agg
     Qt5Agg Not found
testing Qt5Cairo
     Qt5Cairo Not found
testing TkAgg
     TkAgg Not found
testing TkCairo
     TkCairo Not found
testing WebAgg
     WebAgg Not found
testing WX
     WX Not found
testing WXAgg
     WXAgg Not found
testing WXCairo
     WXCairo Not found
testing GTK3Agg
     GTK3Agg Not found
testing GTK3Cairo
     GTK3Cairo Not found
testing GTK4Agg
     GTK4Agg Not found
testing GTK4Cairo
     GTK4Cairo Not found
testing MacOSX
     MacOSX Not found
testing nbAgg
     nbAgg Not found
testing QtAgg
     QtAgg Not found
testing QtCairo
     QtCairo Not found
testing Qt5Agg
     Qt5Agg Not found
testing Qt5Cairo
     Qt5Cairo Not found
testing TkAgg
     TkAgg Not found
testing TkCairo
     TkCairo Not found
testing WebAgg
     WebAgg Not found
testing WX
     WX Not found
testing WXAgg
     WXAgg Not found
testing WXCairo
     WXCairo Not found
/dcs/22/u2256152/VIZDOOM/3rd-year-project/examples/A3C_other
