testing GTK3Agg
     GTK3Agg Not found
testing GTK3Cairo
     GTK3Cairo Not found
testing GTK4Agg
     GTK4Agg Not found
testing GTK4Cairo
     GTK4Cairo Not found
testing MacOSX
     MacOSX Not found
testing nbAgg
     nbAgg Not found
testing QtAgg
     QtAgg Not found
testing QtCairo
     QtCairo Not found
testing Qt5Agg
     Qt5Agg Not found
testing Qt5Cairo
     Qt5Cairo Not found
testing TkAgg
     TkAgg Not found
testing TkCairo
     TkCairo Not found
testing WebAgg
     WebAgg Not found
testing WX
     WX Not found
testing WXAgg
     WXAgg Not found
testing WXCairo
     WXCairo Not found
testing GTK3Agg
     GTK3Agg Not found
testing GTK3Cairo
     GTK3Cairo Not found
testing GTK4Agg
     GTK4Agg Not found
testing GTK4Cairo
     GTK4Cairo Not found
testing MacOSX
     MacOSX Not found
testing nbAgg
     nbAgg Not found
testing QtAgg
     QtAgg Not found
testing QtCairo
     QtCairo Not found
testing Qt5Agg
     Qt5Agg Not found
testing Qt5Cairo
     Qt5Cairo Not found
testing TkAgg
     TkAgg Not found
testing TkCairo
     TkCairo Not found
testing WebAgg
     WebAgg Not found
testing WX
     WX Not found
testing WXAgg
     WXAgg Not found
testing WXCairo
     WXCairo Not found
/dcs/22/u2256152/VIZDOOM/3rd-year-project/examples/A3C_other
/dcs/22/u2256152/VIZDOOM/3rd-year-project/examples/A3C_other
/dcs/22/u2256152/VIZDOOM/3rd-year-project/examples/A3C_other
/dcs/22/u2256152/VIZDOOM/3rd-year-project/examples/A3C_other
/dcs/22/u2256152/VIZDOOM/3rd-year-project/examples/A3C_other
/dcs/22/u2256152/VIZDOOM/3rd-year-project/examples/A3C_other
/dcs/22/u2256152/VIZDOOM/3rd-year-project/examples/A3C_other
/dcs/22/u2256152/VIZDOOM/3rd-year-project/examples/A3C_other
Starting worker 0
Starting worker 1
Starting worker 2
Starting worker 3
Starting worker 4
Starting worker 5
Starting worker 6
Starting worker 7
worker_0, episode #0, reward: -1.2650000000000008, steps:317, time costs:6.482560157775879
Episode count 0, saved Model, time costs 9.309256315231323
MoviePy - Building file .//maze_1/frames/image0.gif with imageio.
worker_1, episode #0, reward: -1.5520000000000012, steps:388, time costs:20.124286890029907
worker_6, episode #0, reward: -3.000000000000002, steps:750, time costs:23.95656442642212
worker_7, episode #0, reward: -3.000000000000002, steps:750, time costs:24.602879762649536
worker_0, episode #1, reward: -1.3430000000000009, steps:336, time costs:10.834970474243164
worker_3, episode #0, reward: -2.475000000000002, steps:619, time costs:29.821419954299927
worker_4, episode #0, reward: -2.556000000000002, steps:639, time costs:30.82420015335083
worker_2, episode #0, reward: -3.000000000000002, steps:750, time costs:34.017406940460205
worker_0, episode #2, reward: -0.8880000000000007, steps:222, time costs:8.359491348266602
worker_5, episode #0, reward: -3.000000000000002, steps:750, time costs:35.38635730743408
worker_7, episode #1, reward: -1.7860000000000014, steps:447, time costs:14.771079540252686
worker_1, episode #1, reward: -3.000000000000002, steps:750, time costs:24.195158004760742
worker_2, episode #1, reward: -1.6320000000000012, steps:408, time costs:11.546900987625122
worker_6, episode #1, reward: -3.000000000000002, steps:750, time costs:23.529302835464478
worker_1, episode #2, reward: -1.1090000000000007, steps:278, time costs:7.3202080726623535
worker_3, episode #1, reward: -3.000000000000002, steps:750, time costs:22.071971654891968
worker_4, episode #1, reward: -3.000000000000002, steps:750, time costs:21.68025493621826
worker_6, episode #2, reward: -0.9100000000000007, steps:228, time costs:6.328861236572266
worker_0, episode #3, reward: -3.000000000000002, steps:750, time costs:21.165202140808105
worker_5, episode #1, reward: -3.000000000000002, steps:750, time costs:20.611284732818604
worker_3, episode #2, reward: -1.0060000000000007, steps:252, time costs:7.231757640838623
worker_2, episode #2, reward: -2.2710000000000017, steps:568, time costs:15.454645156860352
worker_7, episode #2, reward: -3.000000000000002, steps:750, time costs:20.525882959365845
worker_1, episode #3, reward: -2.0150000000000015, steps:504, time costs:14.303342342376709
worker_0, episode #4, reward: -1.1720000000000008, steps:293, time costs:8.540977954864502
worker_6, episode #3, reward: -2.3630000000000018, steps:591, time costs:16.146515130996704
worker_3, episode #3, reward: -2.0690000000000013, steps:518, time costs:13.282090187072754
worker_4, episode #2, reward: -3.000000000000002, steps:750, time costs:20.043070077896118
worker_2, episode #3, reward: -1.8940000000000015, steps:474, time costs:12.761248588562012
worker_7, episode #3, reward: -2.0760000000000014, steps:519, time costs:13.758161783218384
worker_1, episode #4, reward: -1.7200000000000013, steps:430, time costs:11.407257556915283
worker_5, episode #2, reward: -3.000000000000002, steps:750, time costs:20.663986921310425
worker_0, episode #5, reward: -2.798000000000002, steps:700, time costs:18.957805633544922
worker_4, episode #3, reward: -2.2720000000000016, steps:568, time costs:12.59097170829773
worker_2, episode #4, reward: -1.6320000000000012, steps:408, time costs:12.552408218383789
Episode count 5, saved Model, time costs 79.12298631668091
MoviePy - Building file .//maze_1/frames/image5.gif with imageio.
worker_5, episode #3, reward: -1.1010000000000006, steps:276, time costs:13.23421835899353
worker_3, episode #4, reward: -3.000000000000002, steps:750, time costs:31.34596037864685
worker_1, episode #5, reward: -2.2370000000000014, steps:560, time costs:29.64228630065918
worker_7, episode #4, reward: -2.2360000000000015, steps:559, time costs:31.017178773880005
worker_6, episode #4, reward: -3.000000000000002, steps:750, time costs:36.186131954193115
worker_1, episode #6, reward: -1.364000000000001, steps:341, time costs:8.803613901138306
worker_2, episode #5, reward: -2.819000000000002, steps:705, time costs:29.56531071662903
worker_0, episode #6, reward: -2.3640000000000017, steps:591, time costs:15.848278045654297
worker_7, episode #5, reward: -1.485000000000001, steps:372, time costs:10.208005905151367
worker_4, episode #4, reward: -3.000000000000002, steps:750, time costs:31.830559253692627
worker_5, episode #4, reward: -3.000000000000002, steps:750, time costs:29.143003702163696
worker_6, episode #5, reward: -2.3850000000000016, steps:597, time costs:16.04498839378357
worker_3, episode #5, reward: -3.000000000000002, steps:750, time costs:20.39452362060547
worker_7, episode #6, reward: -2.118000000000001, steps:530, time costs:13.86767292022705
worker_4, episode #5, reward: -2.3430000000000017, steps:586, time costs:15.070359706878662
worker_1, episode #7, reward: -3.000000000000002, steps:750, time costs:20.2412588596344
worker_5, episode #5, reward: -2.2570000000000014, steps:565, time costs:15.43459415435791
worker_2, episode #6, reward: -3.000000000000002, steps:750, time costs:20.166107654571533
worker_0, episode #7, reward: -3.000000000000002, steps:750, time costs:20.18339705467224
worker_2, episode #7, reward: -1.0850000000000006, steps:272, time costs:6.827280044555664
worker_3, episode #6, reward: -2.953000000000002, steps:739, time costs:19.172595500946045
worker_6, episode #6, reward: -3.000000000000002, steps:750, time costs:20.219717979431152
worker_7, episode #7, reward: -2.591000000000002, steps:648, time costs:17.525169610977173
worker_4, episode #6, reward: -3.000000000000002, steps:750, time costs:19.849486589431763
worker_1, episode #8, reward: -3.000000000000002, steps:750, time costs:20.047831535339355
worker_5, episode #6, reward: -3.000000000000002, steps:750, time costs:19.892677307128906
worker_0, episode #8, reward: -3.000000000000002, steps:750, time costs:20.035720586776733
worker_2, episode #8, reward: -3.000000000000002, steps:750, time costs:19.65281653404236
worker_3, episode #7, reward: -3.000000000000002, steps:750, time costs:19.656403303146362
worker_6, episode #7, reward: -3.000000000000002, steps:750, time costs:20.00109601020813
worker_4, episode #7, reward: -1.7080000000000013, steps:427, time costs:12.039920091629028
worker_0, episode #9, reward: -1.442000000000001, steps:361, time costs:9.53886079788208
worker_7, episode #8, reward: -3.000000000000002, steps:750, time costs:20.577316284179688
worker_3, episode #8, reward: -1.413000000000001, steps:354, time costs:9.678295135498047
worker_5, episode #7, reward: -3.000000000000002, steps:750, time costs:19.849947690963745
worker_1, episode #9, reward: -3.000000000000002, steps:750, time costs:20.927016973495483
worker_3, episode #9, reward: -0.5940000000000004, steps:149, time costs:4.13604736328125
worker_6, episode #8, reward: -2.2770000000000015, steps:570, time costs:15.304652452468872
worker_0, episode #10, reward: -2.2890000000000015, steps:573, time costs:14.850315570831299
Episode count 10, saved Model, time costs 97.2176444530487
MoviePy - Building file .//maze_1/frames/image10.gif with imageio.
