No GPU available
Initializing doom...
Doom initialized.
[[True, False, True, False], [True, False, False, True], [True, False, False, False], [True, True, True, False], [True, True, False, True], [True, True, False, False], [False, False, True, False], [False, False, False, True], [False, False, False, False]]
Starting the training!

Epoch 1
-------
logging
-14.999999999999854
logging
-14.999999999999854
Results: mean: -7.0±27.8, min: -15.0, max: 89.3,

Testing...
Results: mean: -15.0±0.0, min: -15.0 max: -15.0
Total elapsed time: 7.83 minutes

Epoch 2
-------
logging
92.81
logging
-14.999999999999854
logging
-14.999999999999854
Results: mean: 0.4±37.7, min: -15.0, max: 94.7,

Testing...
Results: mean: -15.0±0.0, min: -15.0 max: -15.0
Total elapsed time: 15.79 minutes

Epoch 3
-------
logging
-14.999999999999856
logging
-14.999999999999854
logging
-14.999999999999854
Results: mean: -15.0±0.0, min: -15.0, max: -15.0,

Testing...
Results: mean: -15.0±0.0, min: -15.0 max: -15.0
Total elapsed time: 23.67 minutes

Epoch 4
-------
logging
-14.999999999999854
logging
-14.999999999999854
Results: mean: -15.0±0.0, min: -15.0, max: -15.0,

Testing...
Results: mean: -15.0±0.0, min: -15.0 max: -15.0
Total elapsed time: 31.65 minutes

Epoch 5
-------
logging
-14.999999999999856
logging
-14.999999999999854
logging
-14.999999999999854
Results: mean: -15.0±0.0, min: -15.0, max: -15.0,

Testing...
Results: mean: -15.0±0.0, min: -15.0 max: -15.0
Total elapsed time: 39.76 minutes

Epoch 6
-------
logging
-14.999999999999856
logging
-14.999999999999854
Results: mean: -15.0±0.0, min: -15.0, max: -15.0,

Testing...
Results: mean: -15.0±0.0, min: -15.0 max: -15.0
Total elapsed time: 47.58 minutes

Epoch 7
-------
logging
-14.999999999999856
logging
-14.999999999999854
logging
-14.999999999999854
Results: mean: -15.0±0.0, min: -15.0, max: -15.0,

Testing...
Results: mean: -15.0±0.0, min: -15.0 max: -15.0
Total elapsed time: 55.40 minutes

Epoch 8
-------
logging
-14.999999999999856
logging
-14.999999999999854
logging
-14.999999999999854
Results: mean: -15.0±0.0, min: -15.0, max: -15.0,

Testing...
Results: mean: -15.0±0.0, min: -15.0 max: -15.0
Total elapsed time: 63.24 minutes

Epoch 9
-------
logging
-14.999999999999854
logging
-14.999999999999854
Results: mean: -15.0±0.0, min: -15.0, max: -15.0,

Testing...
Results: mean: -15.0±0.0, min: -15.0 max: -15.0
Total elapsed time: 71.08 minutes

Epoch 10
-------
logging
-14.999999999999856
logging
-14.999999999999854
logging
-14.999999999999854
Results: mean: -15.0±0.0, min: -15.0, max: -15.0,

Testing...
Results: mean: -15.0±0.0, min: -15.0 max: -15.0
Total elapsed time: 78.88 minutes
======================================
Training is finished.
