No GPU available
Initializing doom...
Doom initialized.
Starting the training!

Epoch 1
-------
logging
-97.6
logging
-80.6
logging
-221.0
logging
-52.6
logging
-72.6
logging
-214.4
logging
-65.2
logging
-161.4
logging
-214.0
logging
-167.6
logging
37.4
logging
-43.2
logging
-234.0
logging
-32.2
logging
-149.8
logging
-196.0
logging
-187.4
logging
-0.6
logging
-76.0
logging
-308.8
logging
-265.0
logging
-131.4
logging
-34.8
logging
-14.4
logging
-263.0
logging
-33.6
logging
-141.6
logging
-59.6
logging
-80.8
logging
-215.6
logging
-140.6
logging
-112.4
logging
43.2
logging
-43.6
logging
-213.2
logging
15.8
logging
-199.4
logging
-41.2
logging
-81.8
logging
-203.4
logging
-66.4
logging
-19.2
logging
68.8
logging
-45.4
logging
-46.8
logging
-41.0
logging
-76.6
logging
-175.8
logging
-203.6
logging
-49.0
logging
-82.8
logging
-237.2
logging
44.4
logging
-57.6
logging
-69.4
logging
50.2
logging
-208.6
logging
-12.6
logging
-125.4
logging
-170.0
logging
-130.6
logging
-178.0
logging
-190.6
logging
-113.8
logging
76.0
logging
31.6
logging
-115.8
logging
6.8
logging
62.0
logging
-44.6
logging
59.4
logging
-90.0
logging
52.0
logging
-38.8
logging
-3.0
logging
-23.4
logging
-39.2
logging
35.8
logging
-27.2
logging
74.4
logging
-29.6
logging
31.0
logging
51.8
logging
50.8
logging
-66.4
logging
56.0
logging
33.6
logging
10.6
logging
41.2
logging
53.6
logging
83.6
logging
-34.0
logging
32.4
logging
74.0
logging
10.6
logging
23.8
logging
67.6
logging
-31.6
logging
79.8
logging
58.0
logging
65.8
logging
-38.8
logging
63.2
logging
-112.4
logging
3.6
logging
78.8
logging
42.0
logging
-12.2
logging
-52.0
logging
-22.8
logging
25.6
logging
77.4
logging
65.4
logging
68.8
logging
46.4
logging
-12.8
logging
-19.8
logging
14.6
logging
50.4
logging
49.6
logging
56.6
logging
74.4
logging
59.8
logging
67.8
logging
61.4
logging
42.6
logging
51.2
logging
68.8
logging
65.2
logging
52.2
logging
-110.4
logging
71.2
logging
33.0
logging
63.4
logging
-37.8
logging
65.4
logging
82.6
logging
78.8
logging
65.8
logging
-109.0
logging
58.6
logging
51.6
logging
73.0
logging
64.4
logging
82.6
logging
65.4
logging
67.2
logging
16.4
logging
28.6
logging
82.0
logging
72.4
logging
91.2
logging
44.0
logging
74.4
logging
53.6
logging
26.2
logging
61.0
logging
52.8
logging
64.2
logging
75.4
logging
52.6
logging
50.0
logging
-2.6
logging
63.8
logging
73.0
logging
-7.0
logging
64.6
logging
57.6
logging
50.2
logging
77.8
logging
62.4
logging
-17.8
logging
61.8
logging
-106.8
logging
24.2
logging
-19.8
logging
63.4
logging
76.4
logging
29.6
logging
66.8
logging
70.0
logging
58.4
logging
41.6
logging
54.2
logging
71.6
logging
42.6
logging
62.8
logging
28.2
logging
81.6
logging
62.0
logging
69.2
logging
77.4
logging
1.8
logging
37.6
logging
53.2
logging
-34.4
logging
56.4
logging
-14.2
logging
76.8
logging
68.2
logging
65.8
logging
85.4
logging
-9.4
logging
63.4
logging
29.2
logging
-17.6
logging
80.6
logging
59.0
logging
84.0
logging
-14.2
logging
77.2
logging
79.2
logging
63.4
logging
76.2
logging
71.6
logging
65.8
logging
57.0
logging
86.4
logging
71.4
logging
47.2
logging
75.8
logging
62.4
logging
73.0
logging
84.0
logging
57.6
logging
57.0
logging
50.6
logging
75.4
logging
50.0
logging
55.2
logging
61.8
logging
77.8
logging
63.2
logging
57.4
logging
62.0
logging
71.4
logging
56.6
logging
74.8
logging
70.0
logging
24.2
logging
52.0
logging
53.6
logging
74.4
logging
64.4
logging
72.4
logging
68.6
logging
87.8
logging
55.2
logging
77.8
logging
57.8
logging
83.0
logging
78.6
logging
71.6
logging
60.0
logging
77.2
logging
83.0
logging
74.4
logging
70.0
logging
70.0
logging
74.4
logging
63.8
logging
59.0
logging
41.2
logging
64.2
logging
61.4
logging
85.4
logging
70.6
logging
76.8
logging
65.8
logging
-38.2
logging
72.8
logging
86.4
logging
28.0
logging
73.4
logging
68.0
logging
77.2
logging
74.4
logging
85.4
logging
81.6
logging
40.2
logging
70.6
logging
72.0
logging
83.0
logging
73.8
logging
83.0
logging
71.4
logging
40.6
logging
72.4
logging
79.2
logging
80.6
logging
87.8
logging
71.0
logging
81.6
logging
55.6
logging
70.0
logging
69.2
logging
38.8
logging
37.2
logging
73.0
logging
56.2
logging
65.8
logging
76.2
logging
64.8
logging
72.0
logging
34.4
logging
74.0
logging
52.2
logging
73.0
logging
77.2
logging
86.4
logging
64.2
logging
65.8
logging
84.0
logging
69.6
logging
74.8
logging
59.0
logging
54.6
logging
74.8
logging
76.8
logging
81.6
logging
83.0
logging
73.4
logging
75.8
logging
60.6
logging
66.8
logging
73.0
logging
67.6
logging
83.0
logging
77.8
logging
83.0
logging
66.8
logging
37.0
logging
69.2
logging
54.6
logging
66.2
logging
70.4
logging
75.4
logging
72.0
logging
66.2
logging
60.0
logging
49.6
logging
80.6
logging
57.2
logging
81.6
logging
66.8
logging
49.4
logging
69.6
logging
83.0
logging
71.0
logging
53.4
logging
56.8
logging
64.2
logging
76.8
logging
31.6
logging
70.6
logging
61.0
logging
78.2
logging
66.6
logging
62.4
logging
60.0
logging
66.8
logging
69.6
logging
66.6
logging
53.2
logging
80.6
logging
37.4
logging
74.8
logging
61.4
logging
61.4
logging
85.4
logging
55.2
logging
75.8
logging
51.0
logging
73.4
logging
51.8
logging
58.6
logging
70.0
logging
85.4
logging
70.0
logging
62.8
logging
81.6
logging
59.8
logging
74.4
logging
71.0
logging
84.0
logging
78.2
logging
64.8
logging
79.6
logging
78.2
logging
68.6
logging
77.2
logging
67.2
logging
61.8
logging
62.8
logging
67.2
logging
30.0
logging
79.2
logging
58.4
logging
69.0
logging
77.8
logging
79.2
logging
74.8
logging
78.2
logging
48.8
logging
70.0
logging
62.8
logging
70.6
logging
43.6
logging
55.6
logging
51.2
logging
59.0
logging
72.4
logging
51.2
logging
71.0
logging
65.2
logging
73.4
logging
69.0
logging
58.4
logging
-19.4
logging
56.0
logging
70.0
logging
59.0
logging
80.6
logging
65.2
logging
90.2
logging
14.2
logging
66.6
logging
53.2
logging
61.8
logging
61.8
logging
63.8
logging
66.2
logging
81.6
logging
64.2
logging
62.8
logging
42.0
logging
87.8
logging
67.6
logging
28.6
logging
42.6
logging
71.0
logging
82.6
logging
47.0
logging
57.0
logging
75.8
logging
66.6
logging
85.4
logging
78.6
logging
61.4
logging
80.6
logging
75.4
logging
50.8
logging
56.0
logging
80.2
logging
59.0
logging
64.4
logging
77.8
logging
70.2
logging
69.0
logging
48.0
logging
71.4
logging
46.4
logging
83.0
logging
63.8
logging
54.2
logging
54.8
logging
67.6
logging
68.6
logging
81.6
logging
77.8
logging
83.0
logging
61.4
logging
56.6
logging
80.2
logging
60.4
logging
50.2
logging
56.8
logging
75.8
logging
76.2
logging
78.2
logging
68.6
logging
74.4
logging
76.4
logging
69.2
logging
70.6
logging
84.0
logging
72.0
logging
58.8
logging
58.4
logging
63.2
logging
78.2
logging
65.6
logging
78.2
logging
64.4
logging
70.6
logging
53.2
logging
76.8
logging
51.6
logging
78.2
logging
63.8
logging
81.2
logging
72.0
logging
71.0
logging
76.4
logging
74.4
logging
83.0
logging
48.4
logging
70.6
logging
78.2
logging
74.0
logging
62.2
logging
78.2
logging
51.6
logging
79.2
logging
82.6
logging
48.0
logging
56.6
logging
49.8
logging
75.4
logging
56.6
logging
74.4
logging
75.8
logging
57.0
logging
55.6
logging
71.0
logging
54.2
logging
61.8
logging
68.2
logging
68.6
logging
56.2
logging
67.6
logging
60.0
logging
25.6
logging
49.8
logging
35.4
logging
90.2
logging
48.8
logging
86.4
logging
74.4
logging
79.2
logging
78.6
logging
32.0
logging
65.2
logging
69.6
logging
78.2
logging
49.2
logging
75.8
logging
80.6
logging
59.4
logging
73.4
logging
72.0
logging
38.2
logging
71.8
logging
61.8
logging
70.4
logging
67.2
logging
75.8
logging
71.4
logging
53.0
logging
35.8
logging
70.6
logging
66.6
logging
83.0
logging
67.2
logging
83.0
logging
56.6
logging
47.6
logging
68.6
logging
74.4
logging
49.4
logging
77.8
logging
72.0
logging
60.4
logging
66.6
logging
66.2
logging
82.6
logging
70.4
logging
23.8
logging
67.2
logging
69.6
logging
77.8
logging
78.2
logging
83.0
logging
77.2
logging
56.2
logging
62.4
logging
61.4
logging
63.4
logging
58.4
logging
71.6
logging
47.4
logging
85.4
logging
61.4
logging
78.2
logging
59.4
logging
69.6
logging
83.0
logging
77.8
logging
71.0
logging
80.2
logging
82.6
logging
60.6
logging
68.2
logging
75.4
logging
70.0
logging
74.8
logging
58.6
logging
57.0
logging
62.4
logging
85.4
logging
79.2
logging
64.8
logging
69.6
logging
81.6
logging
77.8
logging
72.4
logging
51.8
logging
81.6
logging
78.2
logging
71.0
logging
74.4
logging
48.0
logging
80.6
logging
63.8
logging
70.6
logging
76.8
logging
75.0
logging
81.6
logging
66.6
logging
77.2
logging
75.4
logging
79.6
logging
52.8
logging
62.8
logging
67.6
logging
42.2
logging
86.4
logging
80.6
logging
60.0
logging
80.6
logging
78.2
logging
71.4
logging
76.8
logging
55.6
logging
69.0
logging
72.0
logging
68.2
logging
78.2
logging
70.0
logging
60.4
logging
72.0
logging
72.0
logging
65.2
logging
56.6
logging
81.6
logging
69.6
logging
73.4
logging
79.6
logging
66.6
logging
60.0
logging
66.2
logging
65.8
logging
75.8
logging
60.6
logging
77.2
logging
51.8
logging
84.0
logging
79.6
logging
73.0
logging
73.0
logging
80.6
logging
65.4
logging
56.2
logging
75.8
logging
64.2
logging
68.6
logging
79.2
logging
63.8
logging
76.8
logging
81.6
logging
61.4
logging
56.8
logging
83.0
logging
83.0
logging
75.8
logging
71.0
logging
78.2
logging
69.6
logging
83.0
logging
74.4
logging
79.2
logging
85.4
logging
66.2
logging
74.4
logging
61.4
logging
70.6
logging
68.2
logging
62.4
logging
65.8
logging
74.4
logging
76.8
logging
72.0
logging
74.8
logging
79.6
logging
67.2
logging
73.4
logging
79.6
logging
38.2
logging
85.4
logging
46.6
logging
76.8
logging
49.8
logging
63.8
logging
77.2
logging
80.6
logging
74.8
logging
78.2
logging
69.6
logging
62.8
logging
73.4
logging
90.2
logging
73.4
logging
70.0
logging
76.8
logging
87.8
logging
68.6
logging
75.8
logging
51.8
logging
33.4
logging
63.8
logging
77.2
logging
53.8
logging
78.2
logging
75.8
logging
80.6
logging
75.8
logging
58.0
logging
77.2
logging
84.0
logging
66.4
logging
74.4
logging
78.2
logging
63.8
logging
67.6
logging
60.4
logging
71.0
logging
83.0
logging
74.4
logging
74.4
logging
85.4
logging
77.8
logging
73.4
logging
52.2
logging
47.2
logging
52.2
logging
80.6
logging
70.0
logging
71.0
logging
69.6
logging
49.8
logging
76.8
logging
43.8
logging
62.4
logging
65.8
logging
73.0
logging
75.4
logging
67.6
logging
80.6
logging
72.0
logging
54.2
logging
80.6
logging
78.2
logging
70.0
logging
72.4
logging
55.2
logging
70.0
logging
74.4
logging
83.0
logging
75.8
logging
71.0
logging
80.6
logging
73.4
logging
70.0
logging
65.4
logging
78.2
logging
81.6
logging
76.8
logging
67.2
logging
74.8
logging
64.4
logging
57.0
logging
83.0
logging
73.8
logging
67.2
logging
36.6
logging
73.4
logging
68.2
logging
73.0
logging
85.4
logging
75.8
logging
68.6
logging
75.8
logging
78.2
logging
60.4
logging
58.4
logging
66.2
logging
73.4
logging
80.6
logging
56.6
logging
73.4
logging
55.0
logging
86.8
logging
47.4
logging
76.8
logging
66.8
logging
62.8
logging
80.6
logging
70.0
logging
74.4
logging
65.8
logging
77.2
logging
75.8
logging
71.0
logging
67.2
logging
41.0
logging
62.8
logging
73.8
logging
54.2
logging
58.6
logging
46.4
logging
85.4
logging
73.4
logging
73.4
logging
80.6
logging
75.8
logging
72.0
logging
62.8
logging
75.8
logging
67.6
logging
63.4
logging
79.2
logging
70.0
logging
72.4
logging
66.6
logging
66.2
logging
78.2
logging
71.4
logging
85.4
logging
73.4
logging
50.6
logging
72.0
logging
78.2
logging
76.8
logging
65.2
logging
75.8
logging
63.2
logging
74.8
logging
68.6
logging
64.4
logging
62.0
logging
83.0
logging
72.4
logging
75.8
logging
77.8
logging
77.2
logging
80.6
logging
63.4
logging
66.4
logging
64.8
logging
77.2
logging
69.6
logging
75.8
logging
58.2
logging
83.0
logging
77.2
logging
74.8
logging
62.8
logging
44.4
logging
68.6
logging
74.4
logging
66.2
logging
64.6
logging
72.4
logging
78.2
logging
80.6
logging
68.0
logging
64.8
logging
78.2
logging
66.2
logging
78.2
logging
56.6
logging
68.6
logging
79.2
logging
67.6
logging
71.4
logging
85.4
logging
63.4
logging
73.4
logging
79.2
logging
71.6
logging
68.6
logging
73.4
logging
85.4
logging
72.4
logging
83.0
logging
78.2
logging
72.4
logging
69.6
logging
85.4
logging
79.2
logging
60.6
logging
63.8
logging
73.4
logging
75.4
logging
67.2
logging
73.0
logging
72.4
logging
80.6
logging
75.8
logging
65.6
logging
73.4
logging
68.2
logging
70.6
logging
67.6
logging
90.2
logging
73.4
logging
72.4
logging
72.0
logging
74.0
logging
82.6
logging
75.8
logging
79.2
logging
72.0
logging
69.0
logging
79.2
logging
52.2
logging
69.0
logging
80.6
logging
72.0
logging
75.8
logging
73.4
logging
90.2
logging
59.4
logging
61.4
logging
67.2
logging
72.0
logging
68.0
logging
79.2
logging
83.0
logging
75.8
logging
82.0
logging
77.8
logging
78.2
logging
79.2
logging
68.2
logging
68.6
logging
61.8
logging
48.8
logging
75.8
logging
71.0
logging
71.0
logging
69.0
logging
80.6
logging
72.0
logging
87.8
logging
70.0
logging
70.6
logging
69.6
logging
78.2
logging
73.4
logging
71.0
logging
69.6
logging
81.6
logging
80.6
logging
71.0
logging
75.4
logging
76.8
logging
78.2
logging
80.6
logging
57.4
logging
55.6
logging
87.8
logging
48.8
logging
72.4
logging
84.0
logging
65.6
logging
67.6
logging
73.4
logging
71.0
logging
53.6
logging
62.8
logging
73.4
logging
70.6
logging
78.2
logging
75.8
logging
78.2
logging
71.0
logging
61.8
logging
70.6
logging
70.0
logging
80.6
logging
85.4
logging
63.4
logging
83.0
logging
71.0
logging
66.6
logging
80.6
logging
74.8
logging
87.8
logging
67.2
logging
83.0
logging
74.0
logging
78.2
logging
72.0
logging
75.8
logging
78.2
logging
79.2
logging
63.4
logging
70.0
logging
65.2
logging
72.4
logging
81.6
logging
43.0
logging
73.4
logging
73.4
logging
83.0
logging
70.6
logging
83.0
logging
74.8
logging
81.6
logging
76.8
logging
73.4
logging
70.0
logging
73.4
logging
62.8
logging
67.6
logging
67.6
logging
71.0
logging
59.4
logging
75.8
logging
71.0
logging
85.4
logging
77.2
logging
76.2
logging
76.8
logging
72.0
logging
68.6
logging
72.0
logging
59.4
logging
78.2
logging
74.8
logging
83.0
logging
70.0
logging
78.2
logging
78.2
logging
73.4
logging
73.8
logging
69.2
logging
51.8
logging
71.4
logging
64.2
logging
64.8
logging
75.8
logging
56.8
logging
72.0
logging
59.4
logging
72.8
logging
78.2
logging
67.6
logging
83.0
logging
74.8
logging
75.8
logging
74.4
logging
85.4
logging
83.0
logging
64.2
logging
67.2
logging
75.8
logging
74.8
logging
78.2
logging
71.0
logging
84.0
logging
66.2
logging
71.6
logging
63.8
logging
74.4
logging
72.4
logging
66.2
logging
68.6
logging
73.8
logging
75.8
logging
77.2
logging
72.4
logging
78.2
logging
67.6
logging
72.0
logging
64.2
logging
80.6
logging
66.2
logging
80.6
logging
83.0
logging
54.2
logging
73.4
logging
59.4
logging
73.4
logging
75.8
logging
80.6
logging
78.2
logging
66.2
logging
67.6
logging
65.6
logging
73.8
logging
75.8
logging
74.8
logging
75.8
logging
70.6
logging
61.4
logging
70.0
logging
73.4
logging
75.8
logging
74.4
logging
76.2
logging
34.0
logging
74.8
logging
85.4
logging
13.0
logging
78.2
logging
69.6
logging
75.8
logging
87.8
logging
74.8
logging
56.4
logging
73.4
logging
71.4
logging
80.6
logging
60.4
logging
74.4
logging
71.0
logging
70.0
logging
78.2
logging
65.6
logging
62.4
logging
63.8
logging
71.0
logging
54.2
logging
49.0
logging
69.6
logging
75.8
logging
67.2
logging
68.6
logging
69.6
logging
72.0
logging
72.0
logging
77.8
logging
41.0
logging
87.8
logging
87.8
logging
80.6
logging
72.0
logging
66.2
logging
67.6
logging
71.0
logging
73.4
logging
83.0
logging
75.8
logging
83.0
logging
80.6
logging
69.6
logging
52.2
logging
69.6
logging
66.2
logging
71.0
logging
78.2
logging
66.6
logging
64.8
logging
75.8
logging
80.6
logging
69.6
logging
75.8
logging
75.8
logging
51.8
logging
75.8
logging
69.6
logging
70.0
logging
65.8
logging
78.2
logging
80.6
logging
72.4
logging
76.8
logging
83.0
logging
71.0
logging
87.8
logging
59.4
logging
72.0
logging
48.4
logging
67.2
logging
78.2
logging
71.0
logging
74.4
logging
71.0
logging
74.8
logging
74.8
logging
75.8
logging
73.0
logging
76.8
logging
75.8
logging
62.8
logging
67.2
logging
83.0
logging
76.8
logging
66.2
logging
75.8
logging
77.8
logging
77.2
logging
75.4
logging
70.0
logging
75.8
logging
76.8
logging
78.2
logging
61.4
logging
72.0
logging
80.6
logging
76.8
logging
71.0
logging
72.4
logging
70.0
logging
76.8
logging
73.4
logging
80.6
logging
73.0
logging
62.8
logging
69.6
logging
86.4
logging
69.0
logging
63.8
logging
72.8
logging
78.2
logging
87.8
logging
65.8
logging
63.0
logging
71.0
logging
46.8
logging
77.2
logging
71.4
logging
78.2
logging
75.8
logging
74.4
logging
75.8
logging
67.2
logging
66.2
logging
75.8
logging
84.0
logging
76.8
logging
90.2
logging
71.0
logging
52.6
logging
77.8
logging
85.4
logging
67.6
logging
55.0
logging
75.8
logging
78.2
logging
71.0
logging
73.4
logging
81.6
logging
75.8
logging
83.0
logging
66.2
logging
65.2
logging
69.6
logging
70.6
logging
78.2
logging
59.4
logging
69.6
logging
85.4
logging
68.6
logging
70.6
logging
78.2
logging
53.6
logging
75.8
logging
63.8
logging
73.4
logging
47.8
logging
56.2
logging
74.4
logging
60.4
logging
79.2
logging
64.2
logging
80.6
logging
79.2
logging
74.8
logging
77.2
logging
67.6
logging
71.0
logging
78.2
logging
78.2
logging
73.0
logging
75.8
logging
75.4
logging
77.2
logging
84.0
logging
83.0
logging
63.8
logging
80.6
logging
71.0
logging
75.8
logging
56.6
logging
67.2
logging
67.6
logging
60.8
logging
65.2
logging
71.0
logging
80.6
logging
66.2
logging
83.0
logging
49.8
logging
74.4
logging
72.4
logging
64.8
logging
67.6
logging
75.8
logging
71.0
logging
78.2
logging
77.2
logging
85.4
logging
72.4
logging
75.8
logging
87.8
logging
76.8
logging
75.8
logging
73.0
logging
57.4
logging
78.2
logging
64.2
logging
83.0
logging
83.0
logging
68.6
logging
78.2
logging
78.2
logging
74.8
logging
67.6
logging
75.8
logging
74.4
logging
68.6
logging
71.0
logging
61.4
logging
83.0
logging
75.8
logging
83.0
logging
78.2
logging
80.6
logging
58.4
logging
78.2
logging
73.0
logging
65.2
logging
79.6
logging
75.8
logging
80.6
logging
73.4
logging
78.2
logging
74.8
logging
77.2
logging
75.8
logging
68.6
logging
83.0
logging
85.4
logging
60.8
logging
79.2
logging
57.6
logging
80.6
logging
69.6
logging
71.0
logging
77.2
logging
77.8
logging
73.4
logging
75.8
logging
54.6
logging
62.4
logging
70.4
logging
74.4
logging
80.6
logging
70.0
logging
76.8
logging
76.8
logging
58.4
logging
78.2
logging
65.2
logging
75.8
logging
65.2
logging
71.0
logging
77.8
logging
78.2
logging
67.6
logging
79.6
logging
73.4
logging
83.0
logging
69.4
logging
66.6
logging
73.4
logging
80.2
logging
71.0
logging
70.0
logging
79.6
logging
71.0
logging
90.2
logging
75.8
logging
71.0
logging
74.8
logging
90.2
logging
66.2
logging
90.2
logging
80.6
logging
61.8
logging
70.0
logging
73.4
logging
78.2
logging
75.8
logging
67.2
logging
61.8
logging
62.2
logging
56.0
logging
75.8
logging
62.8
logging
80.6
logging
72.4
logging
80.6
logging
68.6
logging
86.4
logging
67.6
logging
37.8
logging
72.0
logging
72.0
logging
77.2
logging
75.8
logging
65.8
logging
66.6
logging
80.6
logging
82.0
logging
71.6
logging
76.8
logging
54.6
logging
73.4
logging
70.0
logging
71.4
logging
85.4
logging
87.8
logging
60.0
logging
66.6
logging
83.0
logging
76.2
logging
74.8
logging
69.2
logging
57.4
logging
70.0
logging
80.6
logging
75.8
logging
75.4
logging
70.0
logging
55.2
logging
73.4
logging
71.0
logging
62.8
logging
72.4
logging
80.6
logging
80.6
logging
67.6
logging
55.8
logging
84.0
logging
73.0
logging
80.6
logging
74.4
logging
85.4
logging
72.0
logging
61.8
logging
86.4
logging
59.4
logging
81.6
logging
67.2
logging
78.2
logging
71.0
logging
65.2
logging
80.6
logging
48.8
logging
75.8
logging
73.4
logging
76.2
logging
63.8
logging
80.6
logging
83.0
logging
56.0
logging
73.4
logging
76.8
logging
75.4
logging
62.8
logging
80.6
logging
84.0
logging
69.6
logging
75.4
logging
79.2
logging
72.0
logging
76.8
logging
78.2
logging
73.4
logging
72.0
logging
60.8
logging
61.8
logging
74.8
logging
74.8
logging
49.8
logging
78.2
logging
54.6
logging
87.8
logging
73.4
logging
68.6
logging
64.8
logging
87.8
logging
78.2
logging
63.4
logging
76.2
logging
47.8
logging
80.6
logging
72.0
logging
80.6
logging
61.2
logging
68.6
logging
73.4
logging
80.6
logging
67.2
logging
39.8
logging
72.0
logging
83.0
logging
67.2
logging
69.6
logging
85.4
logging
69.0
logging
72.4
logging
79.6
logging
83.0
logging
80.6
logging
83.0
logging
74.8
logging
56.0
logging
80.6
logging
85.4
logging
68.0
logging
78.2
logging
75.8
logging
77.2
logging
68.6
logging
68.6
logging
63.2
logging
85.4
logging
51.2
logging
80.6
logging
80.6
logging
78.2
logging
72.4
logging
81.6
logging
71.0
logging
76.8
logging
73.8
logging
77.2
logging
76.8
logging
75.8
logging
79.6
logging
66.6
logging
67.6
logging
44.2
logging
73.4
logging
81.6
logging
59.0
logging
69.6
logging
80.6
logging
75.8
logging
75.8
logging
75.8
logging
80.6
logging
79.2
logging
60.8
logging
75.8
logging
72.4
logging
86.4
logging
60.2
logging
67.2
logging
64.6
logging
85.4
logging
71.6
logging
62.4
logging
73.4
logging
69.6
logging
78.2
logging
64.8
logging
83.0
logging
83.0
logging
73.4
logging
83.0
logging
51.4
logging
73.4
logging
79.2
logging
75.8
logging
69.6
logging
76.8
logging
76.8
logging
74.4
logging
72.0
logging
72.0
logging
73.0
logging
74.8
logging
67.6
logging
49.8
logging
77.8
logging
62.2
logging
80.6
logging
83.0
logging
69.4
logging
80.6
logging
69.2
logging
73.4
logging
61.0
logging
78.2
logging
67.8
logging
27.0
logging
64.2
logging
78.2
logging
77.2
logging
75.8
logging
67.2
logging
72.0
logging
76.8
logging
83.0
logging
62.4
logging
72.4
logging
76.2
logging
85.4
logging
70.6
logging
79.6
logging
72.0
logging
85.4
logging
71.0
logging
57.4
logging
71.0
logging
66.8
logging
78.2
logging
69.0
logging
61.8
logging
87.8
logging
75.8
logging
61.4
logging
59.8
logging
76.8
logging
76.8
logging
77.2
logging
66.6
logging
78.2
logging
63.8
logging
83.0
logging
68.6
logging
47.4
logging
79.6
logging
80.6
logging
71.0
logging
69.6
logging
80.2
logging
68.2
logging
59.0
logging
70.0
logging
78.2
logging
81.6
logging
76.8
logging
80.6
logging
87.8
logging
76.8
logging
75.8
logging
74.4
logging
67.2
logging
74.4
logging
76.4
logging
66.2
logging
74.4
logging
66.6
logging
72.4
logging
78.2
logging
75.8
logging
78.2
logging
80.6
logging
71.0
logging
71.0
logging
83.0
logging
78.2
logging
46.4
logging
75.8
logging
79.2
logging
54.6
logging
39.2
logging
71.0
logging
70.0
logging
66.2
logging
74.4
logging
81.6
logging
71.4
logging
74.8
logging
79.2
logging
72.0
logging
68.2
logging
66.6
logging
68.2
logging
70.6
logging
90.2
logging
79.2
logging
80.6
logging
69.6
logging
75.8
logging
72.4
logging
71.4
logging
82.0
logging
82.0
logging
66.2
logging
87.8
logging
74.8
logging
79.2
logging
62.0
logging
83.0
logging
73.4
logging
60.4
logging
53.2
logging
71.0
logging
62.8
logging
78.2
logging
70.0
logging
74.4
logging
74.4
logging
58.4
logging
75.8
logging
85.4
logging
83.0
logging
79.2
logging
86.4
logging
80.6
logging
62.4
logging
62.8
logging
73.0
logging
74.4
logging
70.0
logging
61.4
logging
75.8
logging
75.4
logging
77.2
logging
74.8
logging
78.2
logging
85.4
logging
69.0
logging
79.2
logging
19.4
logging
76.8
logging
85.4
logging
83.0
logging
64.2
logging
78.2
logging
71.0
logging
79.6
logging
65.2
logging
58.6
logging
81.6
logging
80.6
logging
69.0
logging
85.4
logging
66.2
logging
60.8
logging
69.6
logging
71.0
logging
59.4
logging
75.8
logging
64.2
logging
79.6
logging
73.4
logging
69.0
logging
61.4
logging
60.8
logging
74.4
logging
80.6
logging
75.8
logging
65.6
logging
67.6
logging
80.6
logging
72.4
logging
80.6
logging
75.8
logging
75.8
logging
79.2
logging
78.2
logging
72.4
logging
60.4
logging
79.2
logging
64.8
logging
79.6
logging
70.4
logging
54.2
logging
83.0
logging
64.8
logging
70.0
logging
70.6
logging
58.0
logging
66.6
logging
79.6
logging
73.4
logging
78.2
logging
83.0
logging
68.6
logging
75.8
logging
78.2
logging
84.0
logging
57.2
logging
84.0
logging
69.6
logging
75.8
logging
71.0
logging
58.0
logging
83.0
logging
73.4
logging
74.8
logging
77.2
logging
85.4
logging
85.4
logging
74.8
logging
68.2
logging
72.0
logging
85.4
logging
78.2
logging
70.0
logging
81.6
logging
69.6
logging
72.0
logging
65.6
logging
78.2
logging
74.4
logging
72.0
logging
88.8
logging
68.6
logging
80.6
logging
73.4
logging
78.2
logging
72.0
logging
76.8
logging
78.2
logging
75.4
logging
73.4
logging
78.2
logging
83.0
logging
77.2
logging
69.6
logging
67.6
logging
67.6
logging
75.8
logging
74.8
logging
80.6
logging
80.6
logging
43.8
logging
84.0
logging
64.8
logging
86.4
logging
69.0
logging
68.6
logging
78.2
logging
71.0
logging
69.6
logging
80.6
logging
78.2
logging
75.8
logging
80.6
logging
73.4
logging
77.2
logging
73.0
logging
72.4
logging
87.8
logging
52.6
logging
69.0
logging
80.6
logging
77.2
logging
84.4
logging
84.0
logging
68.6
logging
72.0
logging
83.0
logging
80.6
logging
65.8
logging
58.0
logging
75.8
logging
75.8
logging
79.2
logging
76.8
logging
68.2
logging
62.8
logging
75.8
logging
60.4
logging
76.8
logging
72.4
logging
68.6
logging
75.8
logging
62.8
logging
81.6
logging
79.2
logging
68.6
logging
64.4
logging
75.8
logging
75.8
logging
80.6
logging
80.6
logging
78.2
logging
67.6
logging
69.6
logging
68.2
logging
64.8
logging
85.4
logging
69.6
logging
76.8
logging
72.0
logging
74.4
logging
79.2
logging
61.0
logging
52.6
logging
66.2
logging
74.8
logging
64.2
logging
78.2
logging
73.8
logging
68.6
logging
85.4
logging
68.6
logging
72.0
logging
76.8
logging
62.8
logging
81.6
logging
87.8
logging
85.4
logging
80.2
logging
71.0
logging
80.6
logging
83.0
logging
70.6
logging
73.4
logging
68.6
logging
66.6
logging
70.6
logging
61.8
logging
58.4
logging
75.8
logging
71.0
logging
69.6
logging
83.0
logging
62.4
logging
78.2
logging
69.0
logging
71.0
logging
76.4
logging
68.6
logging
83.0
logging
80.6
logging
74.4
logging
78.2
logging
78.2
logging
69.6
logging
78.2
logging
71.0
logging
68.6
logging
63.8
logging
65.2
logging
80.6
logging
75.8
logging
65.2
logging
70.0
logging
72.4
logging
41.0
logging
68.6
logging
90.2
logging
68.6
logging
70.0
logging
69.0
logging
75.8
logging
78.2
logging
83.0
logging
75.8
logging
66.6
logging
67.2
logging
73.4
logging
71.0
logging
69.0
logging
66.2
logging
79.6
logging
72.0
logging
69.6
logging
76.8
logging
75.8
logging
64.8
logging
63.2
logging
66.2
logging
77.8
logging
73.4
logging
72.4
logging
67.2
logging
68.6
logging
83.0
logging
75.8
logging
80.6
logging
79.2
logging
75.8
logging
69.0
logging
83.0
logging
73.4
logging
79.6
logging
69.6
logging
79.2
logging
61.4
logging
79.2
logging
75.4
logging
74.4
logging
62.4
logging
73.8
logging
82.0
logging
82.6
logging
65.8
logging
54.6
logging
78.2
logging
70.0
logging
81.6
logging
76.8
logging
71.0
logging
79.2
logging
83.0
logging
54.2
logging
66.6
logging
67.2
logging
83.0
logging
73.8
logging
80.6
logging
73.0
logging
58.0
logging
90.2
logging
73.4
logging
75.4
logging
75.4
logging
71.0
logging
78.2
logging
73.4
logging
55.0
logging
78.2
logging
68.6
logging
60.8
logging
86.4
logging
68.2
logging
73.4
logging
66.6
logging
78.2
logging
76.8
logging
75.8
logging
74.8
logging
67.2
logging
75.8
logging
73.4
logging
28.0
logging
78.2
logging
79.2
logging
62.4
logging
78.2
logging
63.4
logging
68.6
logging
85.4
logging
80.6
logging
58.6
logging
74.4
logging
90.2
logging
77.2
logging
74.4
logging
83.0
logging
87.8
logging
64.8
logging
76.8
logging
78.2
logging
79.2
logging
80.6
logging
72.0
logging
83.0
logging
68.2
logging
78.2
logging
68.6
logging
72.0
logging
70.6
logging
79.2
logging
85.4
logging
72.0
logging
69.6
logging
72.8
logging
75.8
logging
73.4
logging
70.0
logging
76.8
logging
80.6
logging
67.6
logging
77.2
logging
68.2
logging
85.4
logging
71.0
logging
62.4
logging
73.4
logging
78.2
logging
77.2
logging
75.8
logging
78.2
logging
74.4
logging
78.2
logging
88.8
logging
80.6
logging
72.4
logging
67.6
logging
83.0
logging
70.0
logging
81.6
logging
78.2
logging
59.0
logging
79.2
logging
84.0
logging
78.2
logging
61.0
logging
85.4
logging
75.8
logging
71.0
logging
75.8
logging
72.4
logging
72.0
logging
67.2
logging
68.6
logging
72.4
logging
85.4
logging
65.2
logging
64.2
logging
73.4
logging
80.6
logging
78.2
logging
71.0
logging
64.8
logging
72.4
logging
83.0
logging
75.8
logging
80.6
logging
77.2
logging
74.8
logging
67.6
logging
69.6
logging
70.0
logging
78.2
logging
79.2
logging
78.2
logging
74.4
logging
78.2
logging
48.0
logging
69.6
logging
83.0
logging
79.2
logging
74.4
logging
87.8
logging
68.6
logging
80.6
logging
80.6
logging
73.8
logging
60.0
logging
90.2
logging
79.2
logging
78.2
logging
79.2
logging
74.4
logging
71.0
logging
80.6
logging
66.2
logging
80.6
logging
83.0
logging
85.4
logging
76.2
logging
70.0
logging
72.0
logging
83.0
logging
71.0
logging
66.2
logging
78.2
logging
71.0
logging
78.2
logging
87.8
logging
75.4
logging
62.4
logging
72.0
logging
68.6
logging
85.4
logging
71.0
logging
67.6
logging
87.8
logging
83.0
logging
85.4
logging
66.6
logging
62.8
logging
67.6
logging
62.0
logging
80.6
logging
75.8
logging
79.2
logging
78.2
logging
71.0
logging
73.4
logging
83.0
logging
69.6
logging
68.6
logging
80.6
logging
75.8
logging
59.4
logging
75.8
logging
74.4
logging
74.4
logging
79.2
logging
79.6
logging
43.0
logging
74.4
logging
59.4
logging
73.8
logging
59.4
logging
64.8
logging
49.8
logging
74.8
logging
61.8
logging
70.0
logging
65.2
logging
79.2
logging
80.6
logging
67.6
logging
80.6
logging
79.2
logging
68.6
logging
75.8
logging
72.0
logging
78.2
logging
64.2
logging
78.2
logging
69.0
logging
67.6
logging
71.0
logging
83.0
logging
79.6
logging
77.2
logging
75.8
logging
58.4
logging
62.4
logging
79.2
logging
73.4
logging
70.2
logging
73.4
logging
80.6
logging
65.2
logging
78.2
logging
81.6
logging
78.2
logging
76.8
logging
72.4
logging
80.6
logging
85.4
logging
80.6
logging
78.2
logging
72.4
logging
77.4
logging
79.2
logging
72.0
logging
73.4
logging
75.8
logging
87.8
logging
72.4
logging
73.0
logging
80.6
logging
75.8
logging
73.4
logging
67.0
logging
71.0
logging
72.4
logging
75.8
logging
78.2
logging
76.8
logging
75.8
logging
56.0
logging
80.6
logging
66.2
logging
69.6
logging
83.0
logging
80.6
logging
85.4
logging
69.2
logging
63.8
logging
64.2
logging
78.2
logging
76.8
logging
70.4
logging
80.6
logging
70.6
logging
78.2
logging
68.2
logging
80.6
logging
71.0
logging
73.4
logging
64.8
logging
80.6
logging
55.6
logging
84.0
logging
83.0
logging
70.0
logging
60.8
logging
68.6
logging
60.8
logging
67.6
logging
75.8
logging
72.4
logging
63.8
logging
70.0
logging
73.4
logging
74.4
logging
76.4
logging
81.6
logging
72.4
logging
78.2
logging
50.2
logging
68.6
logging
70.0
logging
65.2
logging
77.2
logging
81.6
logging
83.0
logging
75.8
logging
69.6
logging
79.2
logging
83.0
logging
73.4
logging
74.4
logging
75.8
logging
83.0
logging
78.2
logging
67.2
logging
85.4
logging
63.8
logging
77.2
logging
77.2
logging
56.6
logging
72.0
logging
78.2
logging
71.0
logging
70.0
logging
61.8
logging
83.0
logging
83.0
logging
81.6
logging
62.0
logging
73.4
logging
66.6
logging
58.4
logging
70.0
logging
73.4
logging
83.0
logging
80.6
logging
71.0
logging
85.4
logging
80.6
logging
82.0
logging
61.4
logging
80.6
logging
80.6
logging
72.4
logging
78.2
logging
66.2
logging
79.6
logging
75.8
logging
61.4
logging
67.2
logging
87.8
logging
72.4
logging
85.4
logging
84.0
logging
73.8
logging
61.8
logging
66.2
logging
72.0
logging
66.2
logging
90.2
logging
81.6
logging
65.6
logging
69.6
logging
79.6
logging
78.2
logging
71.4
logging
80.6
logging
73.4
logging
78.2
logging
77.8
logging
64.8
logging
58.0
logging
72.0
logging
79.2
logging
58.4
logging
71.0
logging
67.2
logging
72.0
logging
73.4
logging
67.2
logging
85.4
logging
80.2
logging
71.0
logging
78.2
logging
83.0
logging
74.4
logging
74.8
logging
71.0
logging
83.0
logging
84.0
logging
63.8
logging
82.6
logging
81.6
logging
73.4
logging
83.0
logging
66.2
logging
73.0
logging
69.6
logging
72.0
logging
80.6
logging
59.0
logging
72.0
logging
87.8
logging
85.4
logging
81.6
logging
74.8
logging
86.4
logging
73.4
logging
83.0
logging
67.2
logging
71.0
logging
74.4
logging
55.6
logging
68.6
logging
60.4
logging
85.4
logging
73.4
logging
90.2
logging
76.8
logging
76.2
logging
71.4
logging
30.0
logging
83.0
logging
66.8
logging
54.0
logging
78.2
logging
85.4
logging
80.6
logging
83.0
logging
72.4
logging
73.4
logging
77.8
logging
75.8
logging
80.6
logging
85.4
logging
84.0
logging
83.0
logging
75.8
logging
80.2
logging
80.6
logging
76.8
logging
46.4
logging
66.8
logging
71.0
logging
75.8
logging
64.8
logging
67.6
logging
79.6
logging
77.2
logging
72.4
logging
87.8
logging
73.4
logging
77.8
logging
80.6
logging
61.4
logging
65.6
logging
52.6
logging
78.2
logging
78.2
logging
73.4
logging
70.0
logging
73.4
logging
76.8
logging
60.4
logging
50.8
logging
70.0
logging
73.4
logging
87.8
logging
63.8
logging
70.0
logging
68.2
logging
67.6
logging
73.4
logging
78.2
logging
45.4
logging
69.0
logging
83.0
logging
64.4
logging
79.6
logging
74.8
logging
67.6
logging
67.2
logging
66.6
logging
71.0
logging
80.6
logging
72.0
logging
79.2
logging
75.8
logging
83.0
logging
85.4
logging
74.8
logging
78.2
logging
66.6
logging
73.4
logging
69.6
logging
80.6
logging
65.6
logging
83.0
logging
87.8
logging
70.0
logging
78.2
logging
87.8
logging
74.4
logging
78.2
logging
80.6
logging
61.4
logging
60.4
logging
75.4
logging
82.0
logging
76.8
logging
83.0
logging
90.2
logging
76.8
logging
78.2
logging
61.8
logging
79.6
logging
78.2
logging
77.2
logging
71.0
logging
73.4
logging
72.4
logging
83.0
logging
66.6
logging
76.8
logging
79.2
logging
47.4
logging
71.0
logging
76.8
logging
51.2
logging
83.0
logging
80.6
logging
77.2
logging
68.6
logging
61.8
logging
83.0
logging
68.2
logging
80.6
logging
74.8
logging
90.2
logging
74.4
logging
71.4
logging
72.0
logging
72.4
logging
70.0
logging
66.2
logging
74.4
logging
67.6
logging
70.6
logging
67.6
logging
66.2
logging
83.0
logging
81.6
logging
80.6
logging
70.6
logging
82.6
logging
80.6
logging
59.6
logging
70.6
logging
78.2
logging
56.2
logging
75.8
logging
73.8
logging
50.4
logging
83.0
logging
73.4
logging
73.4
logging
78.2
logging
78.2
logging
75.8
logging
67.6
logging
83.0
logging
71.0
logging
80.6
logging
61.8
logging
73.4
logging
72.0
logging
78.2
logging
66.2
logging
60.4
logging
73.0
logging
85.4
logging
78.2
logging
61.8
logging
73.4
logging
72.0
logging
69.6
logging
73.4
logging
57.0
logging
78.2
logging
80.6
logging
71.0
logging
83.0
logging
59.6
logging
80.6
logging
69.6
logging
73.4
logging
72.0
logging
83.0
logging
78.2
logging
63.2
logging
81.6
logging
73.4
logging
62.8
logging
72.0
logging
68.6
logging
73.4
logging
87.8
logging
78.2
logging
59.4
logging
65.2
logging
86.8
logging
75.8
logging
70.0
logging
76.8
logging
85.4
logging
85.4
logging
80.6
logging
66.6
logging
85.4
logging
80.6
logging
76.8
logging
78.2
logging
78.6
logging
73.4
logging
75.8
logging
80.6
logging
67.2
logging
80.6
logging
73.4
logging
76.8
logging
73.4
logging
83.0
logging
74.4
logging
72.4
logging
64.2
logging
73.4
logging
70.6
logging
83.0
logging
83.0
logging
75.8
logging
61.4
logging
53.6
logging
69.0
logging
80.6
logging
80.6
logging
75.8
logging
87.8
logging
69.0
logging
77.8
logging
64.2
logging
80.6
logging
-7.2
logging
71.0
logging
80.6
logging
80.6
logging
62.4
logging
54.6
logging
76.8
logging
75.8
logging
79.2
logging
79.2
logging
92.6
logging
66.8
logging
75.8
logging
67.6
logging
80.6
logging
77.8
logging
78.2
logging
64.8
logging
68.6
logging
74.4
logging
80.6
logging
71.0
logging
79.6
logging
78.2
logging
79.2
logging
47.8
logging
85.4
logging
75.8
logging
85.4
logging
53.8
logging
75.8
logging
66.6
logging
63.8
logging
78.2
logging
83.0
logging
80.6
logging
68.6
logging
69.4
logging
81.6
logging
83.0
logging
83.0
logging
66.2
logging
68.6
logging
60.8
logging
72.0
logging
78.2
logging
72.4
logging
83.0
logging
73.4
logging
73.4
logging
59.0
logging
78.2
logging
73.4
logging
72.0
logging
83.0
logging
76.8
logging
90.2
logging
37.8
logging
73.0
logging
83.0
logging
83.0
logging
68.6
logging
74.8
logging
85.4
logging
80.6
logging
69.0
logging
68.6
logging
75.4
logging
67.6
logging
75.8
logging
79.6
logging
56.2
logging
64.8
logging
72.0
logging
70.0
logging
70.0
logging
74.4
logging
71.0
logging
73.4
logging
69.6
logging
64.2
logging
64.2
logging
80.6
logging
72.0
logging
73.4
logging
70.0
logging
70.0
logging
67.6
logging
73.4
logging
74.8
logging
69.0
logging
83.0
logging
72.4
logging
67.6
logging
82.0
logging
73.0
logging
87.8
logging
68.6
logging
64.2
logging
74.4
logging
81.6
logging
68.6
logging
72.4
logging
79.6
logging
68.2
logging
71.0
logging
65.6
logging
73.4
logging
71.0
logging
90.2
logging
59.8
logging
76.8
logging
75.8
logging
85.4
logging
80.6
logging
80.6
logging
68.6
logging
83.0
logging
75.8
logging
62.4
logging
73.4
logging
63.2
logging
69.2
logging
85.4
logging
71.0
logging
85.4
logging
62.8
logging
72.4
logging
70.6
logging
75.8
logging
85.4
logging
71.0
logging
78.2
logging
78.2
logging
75.8
logging
80.6
logging
73.4
logging
61.6
logging
80.6
logging
72.0
logging
65.6
logging
58.4
logging
71.0
logging
74.4
logging
71.0
logging
75.8
logging
68.6
logging
70.4
logging
59.4
logging
45.8
logging
78.2
logging
75.4
logging
80.6
logging
83.0
logging
80.6
logging
75.8
logging
66.2
logging
66.2
logging
62.8
logging
66.2
logging
77.2
logging
72.0
logging
67.6
logging
73.4
logging
78.2
logging
67.6
logging
64.8
logging
60.4
logging
70.0
logging
64.2
logging
67.6
logging
69.2
logging
80.6
logging
85.4
logging
80.6
logging
79.2
logging
71.0
logging
60.8
logging
92.6
logging
77.2
logging
63.8
logging
67.2
logging
63.8
logging
80.6
logging
75.8
logging
85.4
logging
71.0
logging
83.0
logging
76.8
logging
74.4
logging
64.8
logging
75.8
logging
48.4
logging
85.4
logging
71.0
logging
79.2
logging
71.4
logging
76.8
logging
66.2
logging
79.6
logging
73.4
logging
80.6
logging
67.2
logging
73.4
logging
78.2
logging
80.6
logging
70.0
logging
74.8
logging
72.4
logging
69.6
logging
85.4
logging
78.2
logging
73.4
logging
75.8
logging
85.4
logging
83.0
logging
78.2
logging
78.2
logging
71.6
logging
56.0
logging
63.8
logging
55.6
logging
80.6
logging
70.0
logging
72.4
logging
68.6
logging
78.2
logging
65.8
logging
74.4
logging
70.6
logging
56.6
logging
78.2
logging
75.8
logging
64.2
logging
60.8
logging
76.8
logging
52.6
logging
78.2
logging
83.0
logging
58.4
logging
79.2
logging
79.6
logging
70.0
logging
73.4
logging
51.6
logging
75.8
logging
65.2
logging
72.0
logging
76.8
logging
75.8
logging
73.0
logging
72.0
logging
80.6
logging
70.0
logging
83.0
logging
83.0
logging
52.2
logging
87.8
logging
80.6
logging
83.0
logging
62.8
logging
78.2
logging
54.6
logging
80.6
logging
78.2
logging
83.0
logging
51.4
logging
60.8
logging
74.8
logging
68.2
logging
77.2
logging
74.4
logging
83.0
logging
58.0
logging
80.6
logging
77.2
logging
83.0
logging
78.2
logging
69.6
logging
78.2
logging
67.6
logging
43.4
logging
74.8
logging
80.6
logging
75.8
logging
71.0
logging
71.0
logging
51.6
logging
85.4
logging
67.6
logging
70.0
logging
78.2
logging
48.0
logging
65.2
logging
53.6
logging
75.8
logging
77.2
logging
74.8
logging
78.2
logging
65.2
logging
75.8
logging
58.0
logging
80.6
logging
80.6
logging
70.0
logging
78.6
logging
77.8
logging
74.8
logging
69.6
logging
87.8
logging
68.6
logging
73.4
logging
87.8
logging
74.4
logging
69.0
logging
63.8
logging
72.0
logging
80.6
logging
73.4
logging
68.6
logging
65.2
logging
70.0
logging
71.4
logging
72.0
logging
39.2
logging
86.4
logging
60.0
logging
66.6
logging
60.4
logging
80.6
logging
66.2
logging
67.2
logging
75.8
logging
66.2
logging
81.6
logging
68.0
logging
73.4
logging
75.8
logging
70.0
logging
77.2
logging
65.2
logging
80.6
logging
80.6
logging
62.8
logging
80.6
logging
75.8
logging
67.6
logging
80.6
logging
82.0
logging
68.6
logging
74.8
logging
65.2
logging
73.4
logging
83.0
logging
65.6
logging
75.8
logging
74.4
logging
83.0
logging
68.6
logging
57.0
logging
59.8
logging
65.2
logging
79.2
logging
74.8
logging
75.8
logging
80.6
logging
60.6
logging
71.0
logging
68.6
logging
75.8
logging
68.6
logging
69.6
logging
63.8
logging
64.2
logging
79.2
logging
57.4
logging
47.8
logging
67.2
logging
60.4
logging
66.6
logging
68.6
logging
79.6
logging
64.2
logging
78.2
logging
54.6
logging
83.0
logging
66.8
logging
80.6
logging
75.8
logging
71.0
logging
66.6
logging
61.4
logging
79.2
logging
72.4
logging
57.0
logging
69.0
logging
68.6
logging
78.2
logging
83.0
logging
74.4
logging
64.8
logging
79.2
logging
72.4
logging
74.4
logging
71.0
logging
70.0
logging
78.2
logging
87.8
logging
77.2
logging
75.8
logging
67.2
logging
66.2
logging
70.0
logging
71.0
logging
62.0
logging
63.4
logging
80.6
logging
83.0
logging
76.8
logging
61.8
logging
69.6
logging
75.8
logging
80.6
logging
83.0
logging
73.0
logging
80.2
logging
68.6
logging
84.0
logging
72.0
logging
73.4
logging
80.6
logging
74.4
logging
68.6
logging
63.8
logging
77.2
logging
79.6
logging
72.0
logging
74.8
logging
80.6
logging
78.2
logging
66.6
logging
57.0
logging
73.4
logging
70.4
logging
-7.8
logging
74.4
logging
75.8
logging
70.6
logging
70.0
logging
88.8
logging
78.2
logging
71.0
logging
77.2
logging
80.6
logging
74.4
logging
76.4
logging
78.2
logging
66.6
logging
68.2
logging
78.2
logging
70.4
logging
76.2
logging
72.0
logging
73.4
logging
69.6
logging
54.6
logging
68.6
logging
81.6
logging
83.0
logging
87.8
logging
61.0
logging
59.4
logging
72.8
logging
87.8
logging
61.4
logging
84.0
logging
83.0
logging
65.2
logging
72.0
logging
78.2
logging
71.4
logging
73.4
logging
73.8
logging
78.2
logging
67.6
logging
76.8
logging
60.0
logging
73.4
logging
83.0
logging
70.0
logging
76.8
logging
90.2
logging
83.0
logging
73.4
logging
55.6
logging
78.2
logging
33.4
logging
80.6
logging
83.0
logging
61.8
logging
61.8
logging
86.4
logging
20.2
logging
76.8
logging
70.0
logging
78.2
logging
52.6
logging
81.6
logging
78.2
logging
72.0
logging
64.2
logging
90.2
logging
76.8
logging
68.6
logging
67.6
logging
75.8
logging
63.8
logging
80.2
logging
80.6
logging
63.8
logging
75.8
logging
78.2
logging
70.0
logging
83.0
logging
75.8
logging
80.6
logging
80.6
logging
75.8
logging
74.8
logging
68.6
logging
70.0
logging
69.6
logging
85.4
logging
75.8
logging
80.6
logging
78.2
logging
71.0
logging
79.2
logging
71.4
logging
63.8
logging
80.6
logging
74.8
logging
72.0
logging
67.2
logging
74.8
logging
61.4
logging
60.0
logging
78.6
logging
74.4
logging
64.8
logging
75.8
logging
79.6
logging
75.8
logging
68.6
logging
79.2
logging
79.6
logging
76.8
logging
87.8
logging
65.6
logging
68.6
logging
64.8
logging
74.8
logging
77.2
logging
75.8
logging
70.0
logging
75.8
logging
75.8
logging
68.6
logging
55.6
logging
72.0
logging
78.2
logging
76.8
logging
80.6
logging
44.6
logging
83.0
logging
60.0
logging
78.2
logging
78.2
logging
85.4
logging
68.6
logging
65.2
logging
83.0
logging
57.0
logging
68.6
logging
86.8
logging
41.6
logging
83.0
logging
68.6
logging
62.8
logging
35.4
Results: mean: 66.6±47.9, min: -400.0, max: 95.0,

Testing...
Results: mean: 74.2±18.2, min: 1.0 max: 95.0
Total elapsed time: 74.18 minutes

Epoch 2
-------
